[23:22:13] [ServerMain/INFO]: Environment: Environment[sessionHost=https://sessionserver.mojang.com, servicesHost=https://api.minecraftservices.com, name=PROD]
[23:22:14] [ServerMain/INFO]: No existing world data, creating new world
[23:22:15] [ServerMain/INFO]: Loaded 1373 recipes
[23:22:15] [ServerMain/INFO]: Loaded 1484 advancements
[23:22:15] [Server thread/INFO]: Starting minecraft server version 1.21.5
[23:22:15] [Server thread/INFO]: Loading properties
[23:22:15] [Server thread/INFO]: Default game type: SURVIVAL
[23:22:15] [Server thread/INFO]: Generating keypair
[23:22:15] [Server thread/INFO]: Starting Minecraft server on *:25565
[23:22:15] [Server thread/INFO]: Using epoll channel type
[23:22:15] [Server thread/WARN]: **** SERVER IS RUNNING IN OFFLINE/INSECURE MODE!
[23:22:15] [Server thread/WARN]: The server will make no attempt to authenticate usernames. Beware.
[23:22:15] [Server thread/WARN]: While this makes the game possible to play without internet access, it also opens up the ability for hackers to connect with any username they choose.
[23:22:15] [Server thread/WARN]: To change this, set "online-mode" to "true" in the server.properties file.
[23:22:15] [Server thread/INFO]: Preparing level "world"
[23:22:22] [Server thread/INFO]: Preparing start region for dimension minecraft:overworld
[23:22:22] [Worker-Main-2/INFO]: Preparing spawn area: 2%
[23:22:23] [Worker-Main-3/INFO]: Preparing spawn area: 2%
[23:22:23] [Worker-Main-1/INFO]: Preparing spawn area: 2%
[23:22:24] [Worker-Main-3/INFO]: Preparing spawn area: 2%
[23:22:24] [Worker-Main-1/INFO]: Preparing spawn area: 18%
[23:22:25] [Worker-Main-3/INFO]: Preparing spawn area: 18%
[23:22:25] [Worker-Main-1/INFO]: Preparing spawn area: 24%
[23:22:26] [Worker-Main-3/INFO]: Preparing spawn area: 51%
[23:22:26] [Worker-Main-3/INFO]: Preparing spawn area: 51%
[23:22:27] [Server thread/INFO]: Time elapsed: 4467 ms
[23:22:27] [Server thread/INFO]: Done (11.473s)! For help, type "help"
[23:23:27] [Server thread/INFO]: Server empty for 60 seconds, pausing
[23:34:35] [Server thread/INFO]: Sebas23m[/127.167.218.7:37907] logged in with entity id 67 at (62.5, 79.0, 71.5)
[23:34:35] [Server thread/INFO]: Sebas23m joined the game
[23:36:48] [Server thread/INFO]: juanp123[/127.110.224.164:37823] logged in with entity id 700 at (54.5, 75.0, 72.5)
[23:36:48] [Server thread/INFO]: juanp123 joined the game
[23:40:34] [Server thread/INFO]: Sebas23m has made the advancement [Stone Age]
[23:40:39] [Server thread/INFO]: [Not Secure] <Sebas23m> hola
[23:41:03] [Server thread/INFO]: juanp123 lost connection: Timed out
[23:41:03] [Server thread/INFO]: juanp123 left the game
[23:41:03] [Server thread/WARN]: handleDisconnection() called twice
[23:41:12] [Server thread/INFO]: Sebas23m has made the advancement [Getting an Upgrade]
